<?xml version="1.0" encoding="UTF-8"?>
<robot generator="Robot 7.1.1 (Python 3.10.12 on linux)" generated="2024-11-14T21:52:52.207369" rpa="false" schemaversion="5">
<suite id="s1" name="Story Tests" source="/home/touktoiv/Documents/Yliopisto/OhTu/ohtu-miniprojekti/src/story_tests">
<suite id="s1-s1" name="Start" source="/home/touktoiv/Documents/Yliopisto/OhTu/ohtu-miniprojekti/src/story_tests/start.robot">
<kw name="Open And Configure Browser" owner="resource" type="SETUP">
<if>
<branch type="IF" condition="$BROWSER == 'chrome'">
<kw name="Evaluate" owner="BuiltIn">
<msg time="2024-11-14T21:52:52.364931" level="INFO">${options} = &lt;selenium.webdriver.chrome.options.Options object at 0x739fd58d12d0&gt;</msg>
<var>${options}</var>
<arg>sys.modules['selenium.webdriver'].ChromeOptions()</arg>
<arg>sys</arg>
<doc>Evaluates the given expression in Python and returns the result.</doc>
<status status="PASS" start="2024-11-14T21:52:52.364496" elapsed="0.000489"/>
</kw>
<status status="PASS" start="2024-11-14T21:52:52.359345" elapsed="0.005732"/>
</branch>
<branch type="ELSE IF" condition="$BROWSER == 'firefox'">
<kw name="Evaluate" owner="BuiltIn">
<var>${options}</var>
<arg>sys.modules['selenium.webdriver'].FirefoxOptions()</arg>
<arg>sys</arg>
<doc>Evaluates the given expression in Python and returns the result.</doc>
<status status="NOT RUN" start="2024-11-14T21:52:52.365295" elapsed="0.000037"/>
</kw>
<status status="NOT RUN" start="2024-11-14T21:52:52.365145" elapsed="0.000245"/>
</branch>
<status status="PASS" start="2024-11-14T21:52:52.359294" elapsed="0.006138"/>
</if>
<if>
<branch type="IF" condition="$HEADLESS == 'true'">
<kw name="Set Selenium Speed" owner="SeleniumLibrary">
<arg>0</arg>
<doc>Sets the delay that is waited after each Selenium command.</doc>
<status status="PASS" start="2024-11-14T21:52:52.365731" elapsed="0.000237"/>
</kw>
<kw name="Call Method" owner="BuiltIn">
<arg>${options}</arg>
<arg>add_argument</arg>
<arg>--headless</arg>
<doc>Calls the named method of the given object with the provided arguments.</doc>
<status status="PASS" start="2024-11-14T21:52:52.366115" elapsed="0.000205"/>
</kw>
<status status="PASS" start="2024-11-14T21:52:52.365503" elapsed="0.000883"/>
</branch>
<branch type="ELSE">
<kw name="Set Selenium Speed" owner="SeleniumLibrary">
<arg>${DELAY}</arg>
<doc>Sets the delay that is waited after each Selenium command.</doc>
<status status="NOT RUN" start="2024-11-14T21:52:52.366546" elapsed="0.000029"/>
</kw>
<status status="NOT RUN" start="2024-11-14T21:52:52.366429" elapsed="0.000199"/>
</branch>
<status status="PASS" start="2024-11-14T21:52:52.365485" elapsed="0.001174"/>
</if>
<kw name="Open Browser" owner="SeleniumLibrary">
<msg time="2024-11-14T21:52:52.367103" level="INFO">Opening browser 'chrome' to base url 'None'.</msg>
<msg time="2024-11-14T21:52:52.430751" level="WARN">The chromedriver version (130.0.6723.91) detected in PATH at /usr/bin/chromedriver might not be compatible with the detected chrome version (131.0.6778.69); currently, chromedriver 131.0.6778.69 is recommended for chrome 131.*, so it is advised to delete the driver in PATH and retry</msg>
<arg>browser=${BROWSER}</arg>
<arg>options=${options}</arg>
<doc>Opens a new browser instance to the optional ``url``.</doc>
<status status="PASS" start="2024-11-14T21:52:52.366775" elapsed="0.383155"/>
</kw>
<status status="PASS" start="2024-11-14T21:52:52.358920" elapsed="0.391210"/>
</kw>
<test id="s1-s1-t1" name="Open And Configure Browser" line="7">
<kw name="Go To" owner="SeleniumLibrary">
<msg time="2024-11-14T21:52:52.751109" level="INFO">Opening url 'http://localhost:5001'</msg>
<arg>${HOME_URL}</arg>
<doc>Navigates the current browser window to the provided ``url``.</doc>
<status status="PASS" start="2024-11-14T21:52:52.750834" elapsed="0.069171"/>
</kw>
<kw name="Title Should Be" owner="SeleniumLibrary">
<msg time="2024-11-14T21:52:52.831823" level="INFO">Page title is 'Viitelistaus'.</msg>
<arg>Viitelistaus</arg>
<doc>Verifies that the current page title equals ``title``.</doc>
<status status="PASS" start="2024-11-14T21:52:52.820765" elapsed="0.011321"/>
</kw>
<status status="PASS" start="2024-11-14T21:52:52.750276" elapsed="0.082413"/>
</test>
<kw name="Close Browser" owner="SeleniumLibrary" type="TEARDOWN">
<doc>Closes the current browser.</doc>
<status status="PASS" start="2024-11-14T21:52:52.834513" elapsed="0.073046"/>
</kw>
<status status="PASS" start="2024-11-14T21:52:52.228258" elapsed="0.679508"/>
</suite>
<status status="PASS" start="2024-11-14T21:52:52.208343" elapsed="0.700929"/>
</suite>
<statistics>
<total>
<stat pass="1" fail="0" skip="0">All Tests</stat>
</total>
<tag>
</tag>
<suite>
<stat pass="1" fail="0" skip="0" id="s1" name="Story Tests">Story Tests</stat>
<stat pass="1" fail="0" skip="0" id="s1-s1" name="Start">Story Tests.Start</stat>
</suite>
</statistics>
<errors>
<msg time="2024-11-14T21:52:52.430751" level="WARN">The chromedriver version (130.0.6723.91) detected in PATH at /usr/bin/chromedriver might not be compatible with the detected chrome version (131.0.6778.69); currently, chromedriver 131.0.6778.69 is recommended for chrome 131.*, so it is advised to delete the driver in PATH and retry</msg>
</errors>
</robot>
